Log file open, 09/30/16 21:44:44
LogInit:Display: Running engine for game: GenericShooter
LogPlatformFile: Not using cached read wrapper
LogInit:Display: RandInit(82209282) SRandInit(82209282).
LogTaskGraph: Started task graph with 5 named threads and 8 total threads with 1 sets of task threads.
LogStats: Stats thread started at 0.081364
LogPluginManager: Loaded Plugin Paper2D, From C:/Program Files (x86)/Epic Games/4.13/Engine/Plugins/2D/Paper2D/Paper2D.uplugin
LogPluginManager: Loaded Plugin LightPropagationVolume, From C:/Program Files (x86)/Epic Games/4.13/Engine/Plugins/Blendables/LightPropagationVolume/LightPropagationVolume.uplugin
LogPluginManager: Loaded Plugin BlankPlugin, From C:/Program Files (x86)/Epic Games/4.13/Engine/Plugins/Developer/BlankPlugin/BlankPlugin.uplugin
LogPluginManager: Loaded Plugin CodeLiteSourceCodeAccess, From C:/Program Files (x86)/Epic Games/4.13/Engine/Plugins/Developer/CodeLiteSourceCodeAccess/CodeLiteSourceCodeAccess.uplugin
LogPluginManager: Loaded Plugin GitSourceControl, From C:/Program Files (x86)/Epic Games/4.13/Engine/Plugins/Developer/GitSourceControl/GitSourceControl.uplugin
LogPluginManager: Loaded Plugin KDevelopSourceCodeAccess, From C:/Program Files (x86)/Epic Games/4.13/Engine/Plugins/Developer/KDevelopSourceCodeAccess/KDevelopSourceCodeAccess.uplugin
LogPluginManager: Loaded Plugin NullSourceCodeAccess, From C:/Program Files (x86)/Epic Games/4.13/Engine/Plugins/Developer/NullSourceCodeAccess/NullSourceCodeAccess.uplugin
LogPluginManager: Loaded Plugin OneSkyLocalizationService, From C:/Program Files (x86)/Epic Games/4.13/Engine/Plugins/Developer/OneSkyLocalizationService/OneSkyLocalizationService.uplugin
LogPluginManager: Loaded Plugin PerforceSourceControl, From C:/Program Files (x86)/Epic Games/4.13/Engine/Plugins/Developer/PerforceSourceControl/PerforceSourceControl.uplugin
LogPluginManager: Loaded Plugin SubversionSourceControl, From C:/Program Files (x86)/Epic Games/4.13/Engine/Plugins/Developer/SubversionSourceControl/SubversionSourceControl.uplugin
LogPluginManager: Loaded Plugin UObjectPlugin, From C:/Program Files (x86)/Epic Games/4.13/Engine/Plugins/Developer/UObjectPlugin/UObjectPlugin.uplugin
LogPluginManager: Loaded Plugin VisualStudioSourceCodeAccess, From C:/Program Files (x86)/Epic Games/4.13/Engine/Plugins/Developer/VisualStudioSourceCodeAccess/VisualStudioSourceCodeAccess.uplugin
LogPluginManager: Loaded Plugin XCodeSourceCodeAccess, From C:/Program Files (x86)/Epic Games/4.13/Engine/Plugins/Developer/XCodeSourceCodeAccess/XCodeSourceCodeAccess.uplugin
LogPluginManager: Loaded Plugin EpicSurvey, From C:/Program Files (x86)/Epic Games/4.13/Engine/Plugins/Editor/EpicSurvey/EpicSurvey.uplugin
LogPluginManager: Loaded Plugin MacGraphicsSwitching, From C:/Program Files (x86)/Epic Games/4.13/Engine/Plugins/Editor/MacGraphicsSwitching/MacGraphicsSwitching.uplugin
LogPluginManager: Loaded Plugin MobileLauncherProfileWizard, From C:/Program Files (x86)/Epic Games/4.13/Engine/Plugins/Editor/MobileLauncherProfileWizard/MobileLauncherProfileWizard.uplugin
LogPluginManager: Loaded Plugin PluginBrowser, From C:/Program Files (x86)/Epic Games/4.13/Engine/Plugins/Editor/PluginBrowser/PluginBrowser.uplugin
LogPluginManager: Loaded Plugin SpeedTreeImporter, From C:/Program Files (x86)/Epic Games/4.13/Engine/Plugins/Editor/SpeedTreeImporter/SpeedTreeImporter.uplugin
LogPluginManager: Loaded Plugin SuperSearchEditor, From C:/Program Files (x86)/Epic Games/4.13/Engine/Plugins/Editor/SuperSearchEditor/SuperSearchEditor.uplugin
LogPluginManager: Loaded Plugin AlembicImporter, From C:/Program Files (x86)/Epic Games/4.13/Engine/Plugins/Experimental/AlembicImporter/AlembicImporter.uplugin
LogPluginManager: Loaded Plugin BlueprintStats, From C:/Program Files (x86)/Epic Games/4.13/Engine/Plugins/Experimental/BlueprintStats/BlueprintStats.uplugin
LogPluginManager: Loaded Plugin CharacterAI, From C:/Program Files (x86)/Epic Games/4.13/Engine/Plugins/Experimental/CharacterAI/CharacterAI.uplugin
LogPluginManager: Loaded Plugin CodeEditor, From C:/Program Files (x86)/Epic Games/4.13/Engine/Plugins/Experimental/CodeEditor/CodeEditor.uplugin
LogPluginManager: Loaded Plugin CodeView, From C:/Program Files (x86)/Epic Games/4.13/Engine/Plugins/Experimental/CodeView/CodeView.uplugin
LogPluginManager: Loaded Plugin HTML5Networking, From C:/Program Files (x86)/Epic Games/4.13/Engine/Plugins/Experimental/HTML5Networking/HTML5Networking.uplugin
LogPluginManager: Loaded Plugin LiveEditor, From C:/Program Files (x86)/Epic Games/4.13/Engine/Plugins/Experimental/LiveEditor/LiveEditor.uplugin
LogPluginManager: Loaded Plugin OSVR, From C:/Program Files (x86)/Epic Games/4.13/Engine/Plugins/Experimental/OSVR/OSVR.uplugin
LogPluginManager: Loaded Plugin Phya, From C:/Program Files (x86)/Epic Games/4.13/Engine/Plugins/Experimental/Phya/Phya.uplugin
LogPluginManager: Loaded Plugin SignificanceManager, From C:/Program Files (x86)/Epic Games/4.13/Engine/Plugins/Experimental/SignificanceManager/SignificanceManager.uplugin
LogPluginManager: Loaded Plugin SimpleHMD, From C:/Program Files (x86)/Epic Games/4.13/Engine/Plugins/Experimental/SimpleHMD/SimpleHMD.uplugin
LogPluginManager: Loaded Plugin StereoPanorama, From C:/Program Files (x86)/Epic Games/4.13/Engine/Plugins/Experimental/StereoPanorama/StereoPanorama.uplugin
LogPluginManager: Loaded Plugin StructBox, From C:/Program Files (x86)/Epic Games/4.13/Engine/Plugins/Experimental/StructBox/StructBox.uplugin
LogPluginManager: Loaded Plugin AndroidMedia, From C:/Program Files (x86)/Epic Games/4.13/Engine/Plugins/Media/AndroidMedia/AndroidMedia.uplugin
LogPluginManager: Loaded Plugin AvfMedia, From C:/Program Files (x86)/Epic Games/4.13/Engine/Plugins/Media/AvfMedia/AvfMedia.uplugin
LogPluginManager: Loaded Plugin MediaPlayerEditor, From C:/Program Files (x86)/Epic Games/4.13/Engine/Plugins/Media/MediaPlayerEditor/MediaPlayerEditor.uplugin
LogPluginManager: Loaded Plugin WmfMedia, From C:/Program Files (x86)/Epic Games/4.13/Engine/Plugins/Media/WmfMedia/WmfMedia.uplugin
LogPluginManager: Loaded Plugin MessagingDebugger, From C:/Program Files (x86)/Epic Games/4.13/Engine/Plugins/Messaging/MessagingDebugger/MessagingDebugger.uplugin
LogPluginManager: Loaded Plugin TcpMessaging, From C:/Program Files (x86)/Epic Games/4.13/Engine/Plugins/Messaging/TcpMessaging/TcpMessaging.uplugin
LogPluginManager: Loaded Plugin UdpMessaging, From C:/Program Files (x86)/Epic Games/4.13/Engine/Plugins/Messaging/UdpMessaging/UdpMessaging.uplugin
LogPluginManager: Loaded Plugin LevelSequenceEditor, From C:/Program Files (x86)/Epic Games/4.13/Engine/Plugins/MovieScene/LevelSequenceEditor/LevelSequenceEditor.uplugin
LogPluginManager: Loaded Plugin MatineeToLevelSequence, From C:/Program Files (x86)/Epic Games/4.13/Engine/Plugins/MovieScene/MatineeToLevelSequence/MatineeToLevelSequence.uplugin
LogPluginManager: Loaded Plugin NetcodeUnitTest, From C:/Program Files (x86)/Epic Games/4.13/Engine/Plugins/NetcodeUnitTest/NetcodeUnitTest/NetcodeUnitTest.uplugin
LogPluginManager: Loaded Plugin NUTUnrealEngine4, From C:/Program Files (x86)/Epic Games/4.13/Engine/Plugins/NetcodeUnitTest/NUTUnrealEngine4/NUTUnrealEngine4.uplugin
LogPluginManager: Loaded Plugin OnlineSubsystemGooglePlay, From C:/Program Files (x86)/Epic Games/4.13/Engine/Plugins/Online/Android/OnlineSubsystemGooglePlay/OnlineSubsystemGooglePlay.uplugin
LogPluginManager: Loaded Plugin OnlineSubsystemIOS, From C:/Program Files (x86)/Epic Games/4.13/Engine/Plugins/Online/IOS/OnlineSubsystemIOS/OnlineSubsystemIOS.uplugin
LogPluginManager: Loaded Plugin OnlineFramework, From C:/Program Files (x86)/Epic Games/4.13/Engine/Plugins/Online/OnlineFramework/OnlineFramework.uplugin
LogPluginManager: Loaded Plugin OnlineSubsystem, From C:/Program Files (x86)/Epic Games/4.13/Engine/Plugins/Online/OnlineSubsystem/OnlineSubsystem.uplugin
LogPluginManager: Loaded Plugin OnlineSubsystemAmazon, From C:/Program Files (x86)/Epic Games/4.13/Engine/Plugins/Online/OnlineSubsystemAmazon/OnlineSubsystemAmazon.uplugin
LogPluginManager: Loaded Plugin OnlineSubsystemFacebook, From C:/Program Files (x86)/Epic Games/4.13/Engine/Plugins/Online/OnlineSubsystemFacebook/OnlineSubsystemFacebook.uplugin
LogPluginManager: Loaded Plugin OnlineSubsystemNull, From C:/Program Files (x86)/Epic Games/4.13/Engine/Plugins/Online/OnlineSubsystemNull/OnlineSubsystemNull.uplugin
LogPluginManager: Loaded Plugin OnlineSubsystemOculus, From C:/Program Files (x86)/Epic Games/4.13/Engine/Plugins/Online/OnlineSubsystemOculus/OnlineSubsystemOculus.uplugin
LogPluginManager: Loaded Plugin OnlineSubsystemSteam, From C:/Program Files (x86)/Epic Games/4.13/Engine/Plugins/Online/OnlineSubsystemSteam/OnlineSubsystemSteam.uplugin
LogPluginManager: Loaded Plugin OnlineSubsystemUtils, From C:/Program Files (x86)/Epic Games/4.13/Engine/Plugins/Online/OnlineSubsystemUtils/OnlineSubsystemUtils.uplugin
LogPluginManager: Loaded Plugin IOSTapJoy, From C:/Program Files (x86)/Epic Games/4.13/Engine/Plugins/Runtime/Advertising/IOSTapJoy/IOSTapJoy.uplugin
LogPluginManager: Loaded Plugin AnalyticsBlueprintLibrary, From C:/Program Files (x86)/Epic Games/4.13/Engine/Plugins/Runtime/Analytics/AnalyticsBlueprintLibrary/AnalyticsBlueprintLibrary.uplugin
LogPluginManager: Loaded Plugin AnalyticsMulticast, From C:/Program Files (x86)/Epic Games/4.13/Engine/Plugins/Runtime/Analytics/AnalyticsMulticast/AnalyticsMulticast.uplugin
LogPluginManager: Loaded Plugin Apsalar, From C:/Program Files (x86)/Epic Games/4.13/Engine/Plugins/Runtime/Analytics/Apsalar/Apsalar.uplugin
LogPluginManager: Loaded Plugin FileLogging, From C:/Program Files (x86)/Epic Games/4.13/Engine/Plugins/Runtime/Analytics/FileLogging/FileLogging.uplugin
LogPluginManager: Loaded Plugin Flurry, From C:/Program Files (x86)/Epic Games/4.13/Engine/Plugins/Runtime/Analytics/Flurry/Flurry.uplugin
LogPluginManager: Loaded Plugin AndroidDeviceProfileSelector, From C:/Program Files (x86)/Epic Games/4.13/Engine/Plugins/Runtime/AndroidDeviceProfileSelector/AndroidDeviceProfileSelector.uplugin
LogPluginManager: Loaded Plugin AndroidMoviePlayer, From C:/Program Files (x86)/Epic Games/4.13/Engine/Plugins/Runtime/AndroidMoviePlayer/AndroidMoviePlayer.uplugin
LogPluginManager: Loaded Plugin AppleMoviePlayer, From C:/Program Files (x86)/Epic Games/4.13/Engine/Plugins/Runtime/AppleMoviePlayer/AppleMoviePlayer.uplugin
LogPluginManager: Loaded Plugin ArchVisCharacter, From C:/Program Files (x86)/Epic Games/4.13/Engine/Plugins/Runtime/ArchVisCharacter/ArchVisCharacter.uplugin
LogPluginManager: Loaded Plugin CableComponent, From C:/Program Files (x86)/Epic Games/4.13/Engine/Plugins/Runtime/CableComponent/CableComponent.uplugin
LogPluginManager: Loaded Plugin CustomMeshComponent, From C:/Program Files (x86)/Epic Games/4.13/Engine/Plugins/Runtime/CustomMeshComponent/CustomMeshComponent.uplugin
LogPluginManager: Loaded Plugin ExampleDeviceProfileSelector, From C:/Program Files (x86)/Epic Games/4.13/Engine/Plugins/Runtime/ExampleDeviceProfileSelector/ExampleDeviceProfileSelector.uplugin
LogPluginManager: Loaded Plugin GearVR, From C:/Program Files (x86)/Epic Games/4.13/Engine/Plugins/Runtime/GearVR/GearVR.uplugin
LogPluginManager: Loaded Plugin GoogleVRController, From C:/Program Files (x86)/Epic Games/4.13/Engine/Plugins/Runtime/GoogleVR/GoogleVRController/GoogleVRController.uplugin
LogPluginManager: Loaded Plugin GoogleVRHMD, From C:/Program Files (x86)/Epic Games/4.13/Engine/Plugins/Runtime/GoogleVR/GoogleVRHMD/GoogleVRHMD.uplugin
LogPluginManager: Loaded Plugin IOSDeviceProfileSelector, From C:/Program Files (x86)/Epic Games/4.13/Engine/Plugins/Runtime/IOSDeviceProfileSelector/IOSDeviceProfileSelector.uplugin
LogPluginManager: Loaded Plugin LeapMotion, From C:/Program Files (x86)/Epic Games/4.13/Engine/Plugins/Runtime/LeapMotion/LeapMotion.uplugin
LogPluginManager: Loaded Plugin LinuxDeviceProfileSelector, From C:/Program Files (x86)/Epic Games/4.13/Engine/Plugins/Runtime/LinuxDeviceProfileSelector/LinuxDeviceProfileSelector.uplugin
LogPluginManager: Loaded Plugin LiveEditorListenServer, From C:/Program Files (x86)/Epic Games/4.13/Engine/Plugins/Runtime/LiveEditorListenServer/LiveEditorListenServer.uplugin
LogPluginManager: Loaded Plugin OculusAudio, From C:/Program Files (x86)/Epic Games/4.13/Engine/Plugins/Runtime/OculusAudio/OculusAudio.uplugin
LogPluginManager: Loaded Plugin OculusInput, From C:/Program Files (x86)/Epic Games/4.13/Engine/Plugins/Runtime/OculusInput/OculusInput.uplugin
LogPluginManager: Loaded Plugin OculusLibrary, From C:/Program Files (x86)/Epic Games/4.13/Engine/Plugins/Runtime/OculusLibrary/OculusLibrary.uplugin
LogPluginManager: Loaded Plugin OculusRift, From C:/Program Files (x86)/Epic Games/4.13/Engine/Plugins/Runtime/OculusRift/OculusRift.uplugin
LogPluginManager: Loaded Plugin Oodle, From C:/Program Files (x86)/Epic Games/4.13/Engine/Plugins/Runtime/PacketHandlers/CompressionComponents/Oodle/Oodle.uplugin
LogPluginManager: Loaded Plugin ProceduralMeshComponent, From C:/Program Files (x86)/Epic Games/4.13/Engine/Plugins/Runtime/ProceduralMeshComponent/ProceduralMeshComponent.uplugin
LogPluginManager: Loaded Plugin SoundMod, From C:/Program Files (x86)/Epic Games/4.13/Engine/Plugins/Runtime/SoundMod/SoundMod.uplugin
LogPluginManager: Loaded Plugin SoundVisualizations, From C:/Program Files (x86)/Epic Games/4.13/Engine/Plugins/Runtime/SoundVisualizations/SoundVisualizations.uplugin
LogPluginManager: Loaded Plugin SteamController, From C:/Program Files (x86)/Epic Games/4.13/Engine/Plugins/Runtime/Steam/SteamController/SteamController.uplugin
LogPluginManager: Loaded Plugin SteamVR, From C:/Program Files (x86)/Epic Games/4.13/Engine/Plugins/Runtime/Steam/SteamVR/SteamVR.uplugin
LogPluginManager: Loaded Plugin WebBrowserWidget, From C:/Program Files (x86)/Epic Games/4.13/Engine/Plugins/Runtime/WebBrowserWidget/WebBrowserWidget.uplugin
LogPluginManager: Loaded Plugin WindowsDeviceProfileSelector, From C:/Program Files (x86)/Epic Games/4.13/Engine/Plugins/Runtime/WindowsDeviceProfileSelector/WindowsDeviceProfileSelector.uplugin
LogPluginManager: Loaded Plugin WindowsMoviePlayer, From C:/Program Files (x86)/Epic Games/4.13/Engine/Plugins/Runtime/WindowsMoviePlayer/WindowsMoviePlayer.uplugin
LogPluginManager: Loaded Plugin ScriptPlugin, From C:/Program Files (x86)/Epic Games/4.13/Engine/Plugins/ScriptPlugin/ScriptPlugin.uplugin
LogPluginManager: Loaded Plugin SlateRemote, From C:/Program Files (x86)/Epic Games/4.13/Engine/Plugins/Slate/SlateRemote/SlateRemote.uplugin
LogInit: Using libcurl 7.47.1
LogInit:  - built for x86_64-pc-win32
LogInit:  - supports SSL with WinSSL
LogInit:  - other features:
LogInit:      CURL_VERSION_SSL
LogInit:      CURL_VERSION_IPV6
LogInit:      CURL_VERSION_ASYNCHDNS
LogInit:      CURL_VERSION_LARGEFILE
LogInit:      CURL_VERSION_IDN
LogInit:  CurlRequestOptions (configurable via config and command line):
LogInit:  - bVerifyPeer = false  - Libcurl will NOT verify peer certificate
LogInit:  - bUseHttpProxy = false  - Libcurl will NOT use HTTP proxy
LogInit:  - bDontReuseConnections = false  - Libcurl will reuse connections
LogInit:  - CertBundlePath = nullptr  - Libcurl will use whatever was configured at build time.
LogInit: WinSock: version 1.1 (2.2), MaxSocks=32767, MaxUdp=65467
LogVoice:Warning: Failed to initialize voice interface
LogInit: Build: ++UE4+Release-4.13-CL-3106830
LogInit: Engine Version: 4.13.0-3106830+++UE4+Release-4.13
LogInit: Compatible Engine Version: 4.13.0-3106830+++UE4+Release-4.13
LogInit: Net CL: 3106830
LogDevObjectVersion: Number of dev versions registered: 13
LogDevObjectVersion:   Dev-Blueprints (B0D832E4-1F89-4F0D-ACCF-7EB736FD4AA2): 5
LogDevObjectVersion:   Dev-Build (E1C64328-A22C-4D53-A36C-8E866417BD8C): 0
LogDevObjectVersion:   Dev-Core (375EC13C-06E4-48FB-B500-84F0262A717E): 1
LogDevObjectVersion:   Dev-Editor (E4B068ED-F494-42E9-A231-DA0B2E46BB41): 6
LogDevObjectVersion:   Dev-Framework (CFFC743F-43B0-4480-9391-14DF171D2073): 12
LogDevObjectVersion:   Dev-Mobile (B02B49B5-BB20-44E9-A304-32B752E40360): 0
LogDevObjectVersion:   Dev-Networking (A4E4105C-59A1-49B5-A7C5-40C4547EDFEE): 0
LogDevObjectVersion:   Dev-Online (39C831C9-5AE6-47DC-9A44-9C173E1C8E7C): 0
LogDevObjectVersion:   Dev-Physics (78F01B33-EBEA-4F98-B9B4-84EACCB95AA2): 0
LogDevObjectVersion:   Dev-Platform (6631380F-2D4D-43E0-8009-CF276956A95A): 0
LogDevObjectVersion:   Dev-Rendering (12F88B9F-8875-4AFC-A67C-D90C383ABD29): 4
LogDevObjectVersion:   Dev-Sequencer (7B5AE74C-D270-4C10-A958-57980B212A5A): 0
LogDevObjectVersion:   Dev-VR (D7296918-1DD6-4BDD-9DE2-64A83CC13884): 0
LogInit: Compiled (64-bit): Aug 30 2016 18:11:39
LogInit: Compiled with Visual C++: 19.00.23026.00
LogInit: Build Configuration: Development
LogInit: Branch Name: ++UE4+Release-4.13
LogInit: Command line:  
LogInit: Base directory: C:/Program Files (x86)/Epic Games/4.13/Engine/Binaries/Win64/
LogInit: Installed Engine Build: 1
LogInit: Presizing for max 8388607 objects, including 0 objects not considered by GC, pre-allocating 0 bytes for permanent pool.
LogInit: Object subsystem initialized
[2016.10.01-04.44.45:219][  0]LogInit: Selected Device Profile: [Windows]
[2016.10.01-04.44.45:219][  0]LogInit: Applying CVar settings loaded from the selected device profile: [Windows]
[2016.10.01-04.44.45:228][  0]LogInit: Computer: ALEX-PC
[2016.10.01-04.44.45:228][  0]LogInit: User: Alex
[2016.10.01-04.44.45:228][  0]LogInit: CPU Page size=65536, Cores=4
[2016.10.01-04.44.45:228][  0]LogInit: High frequency timer resolution =2.433564 MHz
[2016.10.01-04.44.45:228][  0]LogMemory: Memory total: Physical=9.9GB (10GB approx)
[2016.10.01-04.44.45:228][  0]LogMemory: Platform Memory Stats for Windows
[2016.10.01-04.44.45:228][  0]LogMemory: Process Physical Memory: 259.59 MB used, 259.59 MB peak
[2016.10.01-04.44.45:228][  0]LogMemory: Process Virtual Memory: 262.97 MB used, 262.97 MB peak
[2016.10.01-04.44.45:228][  0]LogMemory: Physical Memory: 6065.39 MB used, 10123.25 MB total
[2016.10.01-04.44.45:228][  0]LogMemory: Virtual Memory: 600.63 MB used, 8388608.00 MB total
[2016.10.01-04.44.45:264][  0]LogTextLocalizationManager: No specific translations for ('en-US') exist, so ('en') translations will be used.
[2016.10.01-04.44.46:070][  0]LogD3D11RHI: D3D11 adapters:
[2016.10.01-04.44.46:149][  0]LogD3D11RHI:    0. 'NVIDIA Quadro 2000M' (Feature Level 11_0)
[2016.10.01-04.44.46:149][  0]LogD3D11RHI:       1999/0/4805 MB DedicatedVideo/DedicatedSystem/SharedSystem, Outputs:1, VendorId:0x10de
[2016.10.01-04.44.46:173][  0]LogD3D11RHI:    1. 'NVIDIA Quadro 2000M' (Feature Level 11_0)
[2016.10.01-04.44.46:173][  0]LogD3D11RHI:       1999/0/4805 MB DedicatedVideo/DedicatedSystem/SharedSystem, Outputs:0, VendorId:0x10de
[2016.10.01-04.44.46:173][  0]LogD3D11RHI: Chosen D3D11 Adapter: 0
[2016.10.01-04.44.46:184][  0]LogD3D11RHI: Creating new Direct3DDevice
[2016.10.01-04.44.46:184][  0]LogD3D11RHI:     GPU DeviceId: 0xdda (for the marketing name, search the web for "GPU Device Id")
[2016.10.01-04.44.46:184][  0]LogWindows: EnumDisplayDevices:
[2016.10.01-04.44.46:184][  0]LogWindows:    0. 'Intel(R) HD Graphics Family' (P:1 D:1)
[2016.10.01-04.44.46:184][  0]LogWindows:    1. 'Intel(R) HD Graphics Family' (P:0 D:0)
[2016.10.01-04.44.46:185][  0]LogWindows:    2. 'NVIDIA Quadro 2000M' (P:0 D:0)
[2016.10.01-04.44.46:185][  0]LogWindows:    3. 'NVIDIA Quadro 2000M' (P:0 D:0)
[2016.10.01-04.44.46:185][  0]LogWindows:    4. 'RDPDD Chained DD' (P:0 D:0)
[2016.10.01-04.44.46:185][  0]LogWindows:    5. 'RDP Encoder Mirror Driver' (P:0 D:0)
[2016.10.01-04.44.46:185][  0]LogWindows:    6. 'RDP Reflector Display Driver' (P:0 D:0)
[2016.10.01-04.44.46:185][  0]LogWindows: DebugString: PrimaryIsNotTheChoosenAdapter PrimaryIsNotTheChoosenAdapter GetVideoDriverDetailsInvalid PrimaryIsNotTheChoosenAdapter GetVideoDriverDetailsInvalid PrimaryIsNotTheChoosenAdapter GetVideoDriverDetailsInvalid PrimaryIsNotTheChoosenAdapter FoundDriverCount:2 
[2016.10.01-04.44.46:185][  0]LogD3D11RHI:     Adapter Name: NVIDIA Quadro 2000M
[2016.10.01-04.44.46:185][  0]LogD3D11RHI:   Driver Version: 368.39 (internal:10.18.13.6839, unified:368.39)
[2016.10.01-04.44.46:185][  0]LogD3D11RHI:      Driver Date: 6-2-2016
[2016.10.01-04.44.46:185][  0]LogRHI: Texture pool is 1361 MB (70% of 1945 MB)
[2016.10.01-04.44.46:266][  0]LogD3D11RHI: Async texture creation enabled
[2016.10.01-04.44.46:283][  0]LogD3D11RHI: GPU Timing Frequency: 1000.000000 (Debug: 2 2)
[2016.10.01-04.44.46:283][  0]LogShaderCompilers: Guid format shader working directory is -9 characters bigger than the processId version (D:/WORK/Projects/ColonialConflict/UE/ColonialConflict/Intermediate/Shaders/WorkingDirectory/10032/).
[2016.10.01-04.44.46:283][  0]LogShaderCompilers: Cleaned the shader compiler working directory 'C:/Users/Alex/AppData/Local/Temp/UnrealShaderWorkingDir/9832D25740BB656ACD56CCB252709A1D/'.
[2016.10.01-04.44.46:283][  0]LogShaderCompilers:Display: Using Local Shader Compiler.
[2016.10.01-04.44.47:592][  0]LogTemp:Display: Loaded TP AllDesktopTargetPlatform
[2016.10.01-04.44.47:601][  0]LogTemp:Display: Loaded TP WindowsClientTargetPlatform
[2016.10.01-04.44.47:611][  0]LogTemp:Display: Loaded TP WindowsNoEditorTargetPlatform
[2016.10.01-04.44.47:620][  0]LogTemp:Display: Loaded TP WindowsServerTargetPlatform
[2016.10.01-04.44.47:631][  0]LogTemp:Display: Loaded TP WindowsTargetPlatform
[2016.10.01-04.44.47:643][  0]LogTemp:Display: Loaded TP AndroidTargetPlatform
[2016.10.01-04.44.47:655][  0]LogTemp:Display: Loaded TP Android_ASTCTargetPlatform
[2016.10.01-04.44.47:668][  0]LogTemp:Display: Loaded TP Android_ATCTargetPlatform
[2016.10.01-04.44.47:681][  0]LogTemp:Display: Loaded TP Android_DXTTargetPlatform
[2016.10.01-04.44.47:694][  0]LogTemp:Display: Loaded TP Android_ETC1TargetPlatform
[2016.10.01-04.44.47:708][  0]LogTemp:Display: Loaded TP Android_ETC2TargetPlatform
[2016.10.01-04.44.47:735][  0]LogTemp:Display: Loaded TP Android_MultiTargetPlatform
[2016.10.01-04.44.47:735][  0]LogTemp:Display: Loaded TP Android_PVRTCTargetPlatform
[2016.10.01-04.44.47:736][  0]LogTemp:Display: Loaded TP HTML5TargetPlatform
[2016.10.01-04.44.47:763][  0]LogTemp:Display: Loaded TP IOSTargetPlatform
[2016.10.01-04.44.47:775][  0]LogTemp:Display: Loaded TP TVOSTargetPlatform
[2016.10.01-04.44.47:788][  0]LogTemp:Display: Loaded TP LinuxClientTargetPlatform
[2016.10.01-04.44.47:801][  0]LogTemp:Display: Loaded TP LinuxNoEditorTargetPlatform
[2016.10.01-04.44.47:815][  0]LogTemp:Display: Loaded TP LinuxServerTargetPlatform
[2016.10.01-04.44.47:828][  0]LogTemp:Display: Loaded TP LinuxTargetPlatform
[2016.10.01-04.44.47:828][  0]LogTargetPlatformManager:Display: Building Assets For Windows
[2016.10.01-04.44.47:905][  0]LogDerivedDataCache:Display: Max Cache Size: 512 MB
[2016.10.01-04.44.48:957][  0]LogDerivedDataCache: Loaded boot cache 1.05s 62MB C:/Users/Alex/AppData/Local/UnrealEngine/4.13/DerivedDataCache/Boot.ddc.
[2016.10.01-04.44.48:957][  0]LogDerivedDataCache:Display: Loaded Boot cache: C:/Users/Alex/AppData/Local/UnrealEngine/4.13/DerivedDataCache/Boot.ddc
[2016.10.01-04.44.48:957][  0]LogDerivedDataCache: FDerivedDataBackendGraph:  Pak pak cache file D:/WORK/Projects/ColonialConflict/UE/ColonialConflict/DerivedDataCache/DDC.ddp not found, will not use a pak cache.
[2016.10.01-04.44.48:957][  0]LogDerivedDataCache: Unable to find inner node Pak for hierarchical cache Hierarchy.
[2016.10.01-04.44.48:957][  0]LogDerivedDataCache: FDerivedDataBackendGraph:  CompressedPak pak cache file D:/WORK/Projects/ColonialConflict/UE/ColonialConflict/DerivedDataCache/Compressed.ddp not found, will not use a pak cache.
[2016.10.01-04.44.48:957][  0]LogDerivedDataCache: Unable to find inner node CompressedPak for hierarchical cache Hierarchy.
[2016.10.01-04.44.48:977][  0]LogDerivedDataCache:Display: Pak cache opened for reading ../../../Engine/DerivedDataCache/Compressed.ddp.
[2016.10.01-04.44.48:988][  0]LogDerivedDataCache: Using Local data cache path C:/Users/Alex/AppData/Local/UnrealEngine/Common/DerivedDataCache: Writable
[2016.10.01-04.44.49:363][  0]LogInit: Selected Device Profile: [Windows]
[2016.10.01-04.44.49:367][  0]LogMaterial: Uniform references updated for custom material expression Custom.
[2016.10.01-04.44.49:368][  0]LogContentStreaming: Texture pool size is 0.00 MB
[2016.10.01-04.44.49:527][  0]LogMeshUtilities: No automatic mesh reduction module available
[2016.10.01-04.44.49:527][  0]LogMeshUtilities: No automatic mesh merging module available
[2016.10.01-04.44.49:527][  0]LogMeshUtilities: No distributed automatic mesh merging module available
[2016.10.01-04.44.50:188][  0]LogNetVersion: GetLocalNetworkVersion: CL: 3106830, ProjectName: genericshooter, ProjectVersion: , EngineNetworkVersion: 1, GameNetworkVersion: 0, NetworkChecksum: 2227251050
[2016.10.01-04.44.50:231][  0]LogAssetRegistry: FAssetRegistry took 0.0204 seconds to start up
[2016.10.01-04.44.50:251][  0]LogPackageLocalizationCache: Processed 3 localized package path(s) for 2 prioritized culture(s) in 0.018036 seconds
[2016.10.01-04.44.50:257][  0]LogUObjectArray: 29777 objects as part of root set at end of initial load.
[2016.10.01-04.44.50:257][  0]LogUObjectAllocator: 6124704 out of 0 bytes used by permanent object pool.
[2016.10.01-04.44.50:257][  0]LogUObjectArray: CloseDisregardForGC: 0/0 objects in disregard for GC pool
[2016.10.01-04.44.50:669][  0]LogSlate: SlateFontCache - WITH_FREETYPE: 1, WITH_HARFBUZZ: 1
[2016.10.01-04.44.50:669][  0]LogSlate: SlateFontCache - WITH_FREETYPE: 1, WITH_HARFBUZZ: 1
[2016.10.01-04.45.12:575][  0]LogUdpMessaging: Initializing bridge on interface 0.0.0.0:0 to multicast group 230.0.0.1:6666.
[2016.10.01-04.45.12:850][  0]SourceControl: Info Source control is disabled
[2016.10.01-04.45.12:850][  0]SourceControl: Info Source control is disabled
[2016.10.01-04.45.12:857][  0]SourceControl: Info Source control is disabled
[2016.10.01-04.45.12:863][  0]SourceControl: Info Source control is disabled
[2016.10.01-04.45.13:161][  0]LogEngine: Initializing Engine...
[2016.10.01-04.45.13:161][  0]LogHMD: Failed to initialize OpenVR with code 110
[2016.10.01-04.45.13:314][  0]LogAIModule: Creating AISystem for world Untitled
[2016.10.01-04.45.13:320][  0]LogInit: XAudio2 using 'Speakers (High Definition Audio Device)' : 2 channels at 44.1 kHz using 16 bits per sample (channel mask 0x3)
[2016.10.01-04.45.13:335][  0]LogInit: FAudioDevice initialized.
[2016.10.01-04.45.13:423][  0]LogDerivedDataCache: Saved boot cache 0.09s 62MB C:/Users/Alex/AppData/Local/UnrealEngine/4.13/DerivedDataCache/Boot.ddc.
[2016.10.01-04.45.13:438][  0]LogInit: Texture streaming: Enabled
[2016.10.01-04.45.13:458][  0]LogInit: Transaction tracking system initialized
[2016.10.01-04.45.13:475][  0]BlueprintLog: New page: Editor Load
[2016.10.01-04.45.13:551][  0]LocalizationService: Info Localization service is disabled
[2016.10.01-04.45.13:734][  0]LogConsoleResponse:Display: 
[2016.10.01-04.45.14:115][  0]LogCook:Display: Max memory allowance for cook 16384mb min free memory 0mb
[2016.10.01-04.45.14:115][  0]LogCook:Display: Mobile HDR setting 1
[2016.10.01-04.45.14:617][  0]LogFileCache: Scanning file cache for directory 'D:/WORK/Projects/ColonialConflict/UE/ColonialConflict/Content/' took 0.02s
[2016.10.01-04.45.14:638][  0]SourceControl: Info Source control is disabled
[2016.10.01-04.45.14:638][  0]Cmd: MAP LOAD FILE="D:/WORK/Projects/ColonialConflict/UE/ColonialConflict/Content/GenericShooter/Maps/TestMap.umap" TEMPLATE=0 SHOWPROGRESS=1 FEATURELEVEL=3
[2016.10.01-04.45.14:639][  0]LightingResults: New page: Lighting Build
[2016.10.01-04.45.14:643][  0]MapCheck: New page: Map Check
[2016.10.01-04.45.14:643][  0]LightingResults: New page: Lighting Build
[2016.10.01-04.45.30:297][  0]LogAIModule: Creating AISystem for world TestMap
[2016.10.01-04.45.30:438][  0]LogEditorServer: Finished looking for orphan Actors (0.000 secs)
[2016.10.01-04.45.30:438][  0]Cmd: MAP CHECKDEP NOCLEARLOG
[2016.10.01-04.45.30:521][  0]MapCheck: Info Map check complete: 0 Error(s), 0 Warning(s), took 82.355ms to complete.
[2016.10.01-04.45.30:521][  0]LogFileHelpers: Loading map 'TestMap' took 15.883
[2016.10.01-04.45.30:685][  0]LogCollectionManager: Loaded 0 collections in 0.001430 seconds
[2016.10.01-04.45.30:727][  0]LogFileCache: Scanning file cache for directory 'D:/WORK/Projects/ColonialConflict/UE/ColonialConflict/Saved/Collections/' took 0.01s
[2016.10.01-04.45.30:727][  0]LogFileCache: Scanning file cache for directory 'D:/WORK/Projects/ColonialConflict/UE/ColonialConflict/Content/Developers/Alex/Collections/' took 0.01s
[2016.10.01-04.45.30:727][  0]LogFileCache: Scanning file cache for directory 'D:/WORK/Projects/ColonialConflict/UE/ColonialConflict/Content/Collections/' took 0.01s
[2016.10.01-04.45.30:727][  0]LogCollectionManager: Rebuilt the GUID cache for 0 collections in 0.000003 seconds
[2016.10.01-04.45.30:739][  0]LogContentBrowser: Native class hierarchy populated in 0.0120 seconds. Added 2141 classes and 415 folders.
[2016.10.01-04.45.30:744][  0]LogStats: UGameplayTagsManager::ConstructGameplayTagTree: Construct from data asset -  0.000 s
[2016.10.01-04.45.30:744][  0]LogStats: UGameplayTagsManager::ConstructGameplayTagTree: GameplayTagTreeChangedEvent.Broadcast -  0.000 s
[2016.10.01-04.45.30:744][  0]LogContentBrowser: Native class hierarchy updated for 'GameplayTags' in 0.0006 seconds. Added 12 classes and 0 folders.
[2016.10.01-04.45.30:766][  0]LogContentBrowser: Native class hierarchy updated for 'WidgetCarousel' in 0.0005 seconds. Added 0 classes and 0 folders.
[2016.10.01-04.45.31:200][  0]LogContentBrowser: Native class hierarchy updated for 'AddContentDialog' in 0.0016 seconds. Added 0 classes and 0 folders.
[2016.10.01-04.45.31:225][  0]LogContentBrowser: Native class hierarchy updated for 'SceneOutliner' in 0.0015 seconds. Added 1 classes and 2 folders.
[2016.10.01-04.45.31:254][  0]LogCrashTracker: Crashtracker disabled due to settings.
[2016.10.01-04.45.31:476][  0]LogContentBrowser: Native class hierarchy updated for 'HierarchicalLODOutliner' in 0.0005 seconds. Added 1 classes and 2 folders.
[2016.10.01-04.45.31:477][  0]LogLoad: (Engine Initialization) Total time: 47.42 seconds
[2016.10.01-04.45.31:477][  0]LogLoad: (Engine Initialization) Total Blueprint compile time: 5.91 seconds
[2016.10.01-04.45.31:477][  0]LogExternalProfiler: No external profilers were discovered.  External profiling features will not be available.
[2016.10.01-04.45.31:490][  0]LogOcInput: OculusInput pre-init called
[2016.10.01-04.45.31:511][  0]LogContentStreaming: Texture pool size now 1000 MB
[2016.10.01-04.45.31:773][  0]LogRenderer: Reallocating scene render targets to support 1208x792 (Frame:2).
[2016.10.01-04.45.32:207][  2]LogAssetRegistry: Asset discovery search completed in 41.9955 seconds
[2016.10.01-04.45.32:207][  2]LogCollectionManager: Rebuilt the object cache for 0 collections in 0.000001 seconds (found 0 objects)
[2016.10.01-04.45.32:207][  2]LogCollectionManager: Fixed up redirectors for 0 collections in 0.000026 seconds (updated 0 objects)
[2016.10.01-04.46.03:632][ 60]LogContentBrowser: Native class hierarchy updated for 'BlueprintGraph' in 0.0012 seconds. Added 112 classes and 0 folders.
[2016.10.01-04.46.47:252][982]BlueprintLog: New page: Compile BP_PlayerCharacter
[2016.10.01-04.47.02:336][ 78]LogBlueprintUserMessages: Early PlayInEditor Detection: Level '/Game/GenericShooter/Maps/TestMap.TestMap:PersistentLevel' has LevelScriptBlueprint '/Game/GenericShooter/Maps/TestMap.TestMap:PersistentLevel.TestMap' with GeneratedClass '/Game/GenericShooter/Maps/TestMap.TestMap_C' with ClassGeneratedBy '/Game/GenericShooter/Maps/TestMap.TestMap:PersistentLevel.TestMap'
[2016.10.01-04.47.02:348][ 78]BlueprintLog: New page: Pre-Play auto-recompile
[2016.10.01-04.47.02:348][ 78]LogPlayLevel: [PlayLevel] Compiling BP_SavedSettings before play...
[2016.10.01-04.47.02:546][ 78]LogPlayLevel: PlayLevel: Blueprint regeneration took 198 ms (1 blueprints)
[2016.10.01-04.47.02:556][ 78]PIE: New page: PIE session: TestMap (Sep 30, 2016, 1:47:02 PM)
[2016.10.01-04.47.02:815][ 78]LogPlayLevel: Creating play world package: /Game/GenericShooter/Maps/UEDPIE_0_TestMap
[2016.10.01-04.47.02:835][ 78]LogPlayLevel: PIE: StaticDuplicateObject took: (0.019424s)
[2016.10.01-04.47.02:836][ 78]LogAIModule: Creating AISystem for world TestMap
[2016.10.01-04.47.02:836][ 78]LogPlayLevel: PIE: World Init took: (0.001063s)
[2016.10.01-04.47.02:836][ 78]LogPlayLevel: PIE: Created PIE world by copying editor world from /Game/GenericShooter/Maps/TestMap.TestMap to /Game/GenericShooter/Maps/UEDPIE_0_TestMap.TestMap (0.020823s)
[2016.10.01-04.47.02:878][ 78]LogInit: XAudio2 using 'Speakers (High Definition Audio Device)' : 2 channels at 44.1 kHz using 16 bits per sample (channel mask 0x3)
[2016.10.01-04.47.02:884][ 78]LogInit: FAudioDevice initialized.
[2016.10.01-04.47.02:965][ 78]LogWorld: Game class is 'BP_TeamDeathmatch_C'
[2016.10.01-04.47.02:982][ 78]LogWorld: Bringing World /Game/GenericShooter/Maps/UEDPIE_0_TestMap.TestMap up for play (max tick rate 0) at 2016.09.30-21.47.02
[2016.10.01-04.47.02:984][ 78]LogWorld: Bringing up level for play took: 0.017814
[2016.10.01-04.47.02:995][ 78]LogVoice:Warning: Failed to initialize voice interface
[2016.10.01-04.47.02:999][ 78]LogContentBrowser: Native class hierarchy updated for 'MovieSceneCapture' in 0.0006 seconds. Added 11 classes and 0 folders.
[2016.10.01-04.47.03:001][ 78]LogGameMode:Display: Match State Changed from EnteringMap to WaitingToStart
[2016.10.01-04.47.03:005][ 78]LogNetVersion: GetLocalNetworkVersion: CL: 3106830, ProjectName: genericshooter, ProjectVersion: 1.03, EngineNetworkVersion: 1, GameNetworkVersion: 0, NetworkChecksum: 3509043260
[2016.10.01-04.47.03:006][ 78]LogInit: WinSock: I am Alex-PC (192.168.1.65:0)
[2016.10.01-04.47.03:006][ 78]LogBlueprintUserMessages: [BP_TeamDeathmatch_C_0] Server successfully auto-created a session.
[2016.10.01-04.47.03:008][ 78]LogGameState: Match State Changed from EnteringMap to WaitingToStart
[2016.10.01-04.47.03:016][ 78]PIE: Info Play in editor start time for /Game/GenericShooter/Maps/UEDPIE_0_TestMap 1.131
[2016.10.01-04.47.03:017][ 78]LogBlueprintUserMessages: Late PlayInEditor Detection: Level '/Game/GenericShooter/Maps/TestMap.TestMap:PersistentLevel' has LevelScriptBlueprint '/Game/GenericShooter/Maps/TestMap.TestMap:PersistentLevel.TestMap' with GeneratedClass '/Game/GenericShooter/Maps/TestMap.TestMap_C' with ClassGeneratedBy '/Game/GenericShooter/Maps/TestMap.TestMap:PersistentLevel.TestMap'
[2016.10.01-04.47.03:094][ 78]LogRenderer: Reallocating scene render targets to support 1292x792 (Frame:2792).
[2016.10.01-04.47.09:502][193]LogGameMode: GameMode returned ReadyToStartMatch
[2016.10.01-04.47.09:503][193]LogGameMode:Display: Match State Changed from WaitingToStart to InProgress
[2016.10.01-04.47.09:503][193]LogOnline:Warning: NULL: Can't start an online session (Game) in state InProgress
[2016.10.01-04.47.09:511][193]LogGameState: Match State Changed from WaitingToStart to InProgress
[2016.10.01-04.47.09:512][193]LogStreamableManager:Error:      Can't load invalid package name 
[2016.10.01-04.47.09:512][193]LogStreamableManager:Error:      Can't load invalid package name 
[2016.10.01-04.47.09:512][193]LogStreamableManager:Error:      Can't load invalid package name 
[2016.10.01-04.47.09:512][193]LogStreamableManager:Error:      Can't load invalid package name 
[2016.10.01-04.47.09:512][193]LogStreamableManager:Error:      Can't load invalid package name 
[2016.10.01-04.47.09:512][193]LogStreamableManager:Error:      Can't load invalid package name 
[2016.10.01-04.47.09:512][193]LogStreamableManager:Error:      Can't load invalid package name 
[2016.10.01-04.47.09:512][193]LogStreamableManager:Error:      Can't load invalid package name 
[2016.10.01-04.47.09:512][193]LogStreamableManager:Error:      Can't load invalid package name 
[2016.10.01-04.47.09:967][200]LogStreamableManager:Error:      Can't load invalid package name 
[2016.10.01-04.47.09:967][200]LogStreamableManager:Error:      Can't load invalid package name 
[2016.10.01-04.47.09:967][200]LogStreamableManager:Error:      Can't load invalid package name 
[2016.10.01-04.47.09:967][200]LogStreamableManager:Error:      Can't load invalid package name 
[2016.10.01-04.47.09:967][200]LogStreamableManager:Error:      Can't load invalid package name 
[2016.10.01-04.47.09:967][200]LogStreamableManager:Error:      Can't load invalid package name 
[2016.10.01-04.47.09:967][200]LogStreamableManager:Error:      Can't load invalid package name 
[2016.10.01-04.47.09:967][200]LogStreamableManager:Error:      Can't load invalid package name 
[2016.10.01-04.47.09:967][200]LogStreamableManager:Error:      Can't load invalid package name 
[2016.10.01-04.47.16:484][318]LogBlueprintUserMessages: Early EndPlayMap Detection: Level '/Game/GenericShooter/Maps/TestMap.TestMap:PersistentLevel' has LevelScriptBlueprint '/Game/GenericShooter/Maps/TestMap.TestMap:PersistentLevel.TestMap' with GeneratedClass '/Game/GenericShooter/Maps/TestMap.TestMap_C' with ClassGeneratedBy '/Game/GenericShooter/Maps/TestMap.TestMap:PersistentLevel.TestMap'
[2016.10.01-04.47.16:569][318]LogOnline:Display: NULL: FOnlineSubsystemNull::Shutdown()
[2016.10.01-04.47.16:570][318]LogPlayLevel:Display: Shutting down PIE online subsystems
[2016.10.01-04.47.16:570][318]LogBlueprintUserMessages: Late EndPlayMap Detection: Level '/Game/GenericShooter/Maps/TestMap.TestMap:PersistentLevel' has LevelScriptBlueprint '/Game/GenericShooter/Maps/TestMap.TestMap:PersistentLevel.TestMap' with GeneratedClass '/Game/GenericShooter/Maps/TestMap.TestMap_C' with ClassGeneratedBy '/Game/GenericShooter/Maps/TestMap.TestMap:PersistentLevel.TestMap'
[2016.10.01-04.47.16:721][319]LogPlayLevel:Display: Destroying online subsystem :Context_3
[2016.10.01-04.47.16:721][319]LogOnline:Display: NULL: FOnlineSubsystemNull::Shutdown()
[2016.10.01-04.47.25:672][599]BlueprintLog: New page: Compile BP_PlayerCharacter
[2016.10.01-04.47.32:388][619]LogBlueprintUserMessages: Early PlayInEditor Detection: Level '/Game/GenericShooter/Maps/TestMap.TestMap:PersistentLevel' has LevelScriptBlueprint '/Game/GenericShooter/Maps/TestMap.TestMap:PersistentLevel.TestMap' with GeneratedClass '/Game/GenericShooter/Maps/TestMap.TestMap_C' with ClassGeneratedBy '/Game/GenericShooter/Maps/TestMap.TestMap:PersistentLevel.TestMap'
[2016.10.01-04.47.32:388][619]LogPlayLevel: PlayLevel: No blueprints needed recompiling
[2016.10.01-04.47.32:388][619]PIE: New page: PIE session: TestMap (Sep 30, 2016, 1:47:32 PM)
[2016.10.01-04.47.32:393][619]LogPlayLevel: Creating play world package: /Game/GenericShooter/Maps/UEDPIE_0_TestMap
[2016.10.01-04.47.32:413][619]LogPlayLevel: PIE: StaticDuplicateObject took: (0.020228s)
[2016.10.01-04.47.32:414][619]LogAIModule: Creating AISystem for world TestMap
[2016.10.01-04.47.32:414][619]LogPlayLevel: PIE: World Init took: (0.000871s)
[2016.10.01-04.47.32:414][619]LogPlayLevel: PIE: Created PIE world by copying editor world from /Game/GenericShooter/Maps/TestMap.TestMap to /Game/GenericShooter/Maps/UEDPIE_0_TestMap.TestMap (0.021495s)
[2016.10.01-04.47.32:453][619]LogInit: XAudio2 using 'Speakers (High Definition Audio Device)' : 2 channels at 44.1 kHz using 16 bits per sample (channel mask 0x3)
[2016.10.01-04.47.32:458][619]LogInit: FAudioDevice initialized.
[2016.10.01-04.47.32:511][619]LogWorld: Game class is 'BP_TeamDeathmatch_C'
[2016.10.01-04.47.32:543][619]LogWorld: Bringing World /Game/GenericShooter/Maps/UEDPIE_0_TestMap.TestMap up for play (max tick rate 0) at 2016.09.30-21.47.32
[2016.10.01-04.47.32:545][619]LogWorld: Bringing up level for play took: 0.031792
[2016.10.01-04.47.32:556][619]LogVoice:Warning: Failed to initialize voice interface
[2016.10.01-04.47.32:557][619]LogGameMode:Display: Match State Changed from EnteringMap to WaitingToStart
[2016.10.01-04.47.32:563][619]LogBlueprintUserMessages: [BP_TeamDeathmatch_C_0] Server successfully auto-created a session.
[2016.10.01-04.47.32:564][619]LogGameState: Match State Changed from EnteringMap to WaitingToStart
[2016.10.01-04.47.32:573][619]PIE: Info Play in editor start time for /Game/GenericShooter/Maps/UEDPIE_0_TestMap 0.687
[2016.10.01-04.47.32:573][619]LogBlueprintUserMessages: Late PlayInEditor Detection: Level '/Game/GenericShooter/Maps/TestMap.TestMap:PersistentLevel' has LevelScriptBlueprint '/Game/GenericShooter/Maps/TestMap.TestMap:PersistentLevel.TestMap' with GeneratedClass '/Game/GenericShooter/Maps/TestMap.TestMap_C' with ClassGeneratedBy '/Game/GenericShooter/Maps/TestMap.TestMap:PersistentLevel.TestMap'
[2016.10.01-04.47.38:723][731]LogGameMode: GameMode returned ReadyToStartMatch
[2016.10.01-04.47.38:724][731]LogGameMode:Display: Match State Changed from WaitingToStart to InProgress
[2016.10.01-04.47.38:724][731]LogOnline:Warning: NULL: Can't start an online session (Game) in state InProgress
[2016.10.01-04.47.38:729][731]LogGameState: Match State Changed from WaitingToStart to InProgress
[2016.10.01-04.47.38:730][731]LogStreamableManager:Error:      Can't load invalid package name 
[2016.10.01-04.47.38:730][731]LogStreamableManager:Error:      Can't load invalid package name 
[2016.10.01-04.47.38:731][731]LogStreamableManager:Error:      Can't load invalid package name 
[2016.10.01-04.47.38:731][731]LogStreamableManager:Error:      Can't load invalid package name 
[2016.10.01-04.47.38:731][731]LogStreamableManager:Error:      Can't load invalid package name 
[2016.10.01-04.47.38:731][731]LogStreamableManager:Error:      Can't load invalid package name 
[2016.10.01-04.47.38:731][731]LogStreamableM